<?xml version="1.0" encoding="UTF-8"?>
<!-- Generated by org.testng.reporters.JUnitXMLReporter -->
<testsuite hostname="DESKTOP-V3MT9JO" ignored="0" name="SS Automation Test " tests="1" failures="1" timestamp="2019-09-09T20:32:13 IST" time="462.615" errors="0">
  <testcase name="captureScreenshot" time="461.401" classname="com.screenshot.CaptureScreenshot">
    <failure type="java.lang.AssertionError" message="expected [Home-Selenium Webdriver Appium Complete Tutorial] but found [Home-Automation Test]">
      <![CDATA[java.lang.AssertionError: expected [Home-Selenium Webdriver Appium Complete Tutorial] but found [Home-Automation Test]
at com.screenshot.CaptureScreenshot.captureScreenshot(CaptureScreenshot.java:22)
at java.util.ArrayList.forEach(Unknown Source)
... Removed 32 stack frames]]>
    </failure>
  </testcase> <!-- captureScreenshot -->
</testsuite> <!-- SS Automation Test  -->
