<html>
<head>
<title>TestNG:  Different TestNG Features Test</title>
<link href="../testng.css" rel="stylesheet" type="text/css" />
<link href="../my-testng.css" rel="stylesheet" type="text/css" />

<style type="text/css">
.log { display: none;} 
.stack-trace { display: none;} 
</style>
<script type="text/javascript">
<!--
function flip(e) {
  current = e.style.display;
  if (current == 'block') {
    e.style.display = 'none';
    return 0;
  }
  else {
    e.style.display = 'block';
    return 1;
  }
}

function toggleBox(szDivId, elem, msg1, msg2)
{
  var res = -1;  if (document.getElementById) {
    res = flip(document.getElementById(szDivId));
  }
  else if (document.all) {
    // this is the way old msie versions work
    res = flip(document.all[szDivId]);
  }
  if(elem) {
    if(res == 0) elem.innerHTML = msg1; else elem.innerHTML = msg2;
  }

}

function toggleAllBoxes() {
  if (document.getElementsByTagName) {
    d = document.getElementsByTagName('div');
    for (i = 0; i < d.length; i++) {
      if (d[i].className == 'log') {
        flip(d[i]);
      }
    }
  }
}

// -->
</script>

</head>
<body>
<h2 align='center'>Different TestNG Features Test</h2><table border='1' align="center">
<tr>
<td>Tests passed/Failed/Skipped:</td><td>22/1/0</td>
</tr><tr>
<td>Started on:</td><td>Sun Sep 08 01:26:50 IST 2019</td>
</tr>
<tr><td>Total time:</td><td>143 seconds (143799 ms)</td>
</tr><tr>
<td>Included groups:</td><td></td>
</tr><tr>
<td>Excluded groups:</td><td></td>
</tr>
</table><p/>
<small><i>(Hover the method name to see the test class name)</i></small><p/>
<table width='100%' border='1' class='invocation-failed'>
<tr><td colspan='4' align='center'><b>FAILED TESTS</b></td></tr>
<tr><td><b>Test method</b></td>
<td width="30%"><b>Exception</b></td>
<td width="10%"><b>Time (seconds)</b></td>
<td><b>Instance</b></td>
</tr>
<tr>
<td title='com.test.GoogleAssert.googleTitleTest()'><b>googleTitleTest</b><br>Test class: com.test.GoogleAssert</td>
<td><div><pre>java.lang.AssertionError: title is not matched expected [Google123] but found [Google]
	at com.test.GoogleAssert.googleTitleTest(GoogleAssert.java:28)
	at java.util.ArrayList.forEach(Unknown Source)
... Removed 31 stack frames</pre></div><a href='#' onClick='toggleBox("stack-trace136157810", this, "Click to show all stack frames", "Click to hide stack frames")'>Click to show all stack frames</a>
<div class='stack-trace' id='stack-trace136157810'><pre>java.lang.AssertionError: title is not matched expected [Google123] but found [Google]
	at org.testng.Assert.fail(Assert.java:97)
	at org.testng.Assert.assertEqualsImpl(Assert.java:136)
	at org.testng.Assert.assertEquals(Assert.java:118)
	at org.testng.Assert.assertEquals(Assert.java:575)
	at com.test.GoogleAssert.googleTitleTest(GoogleAssert.java:28)
	at sun.reflect.NativeMethodAccessorImpl.invoke0(Native Method)
	at sun.reflect.NativeMethodAccessorImpl.invoke(Unknown Source)
	at sun.reflect.DelegatingMethodAccessorImpl.invoke(Unknown Source)
	at java.lang.reflect.Method.invoke(Unknown Source)
	at org.testng.internal.MethodInvocationHelper.invokeMethod(MethodInvocationHelper.java:133)
	at org.testng.internal.TestInvoker.invokeMethod(TestInvoker.java:584)
	at org.testng.internal.TestInvoker.invokeTestMethod(TestInvoker.java:172)
	at org.testng.internal.MethodRunner.runInSequence(MethodRunner.java:46)
	at org.testng.internal.TestInvoker$MethodInvocationAgent.invoke(TestInvoker.java:804)
	at org.testng.internal.TestInvoker.invokeTestMethods(TestInvoker.java:145)
	at org.testng.internal.TestMethodWorker.invokeTestMethods(TestMethodWorker.java:146)
	at org.testng.internal.TestMethodWorker.run(TestMethodWorker.java:128)
	at java.util.ArrayList.forEach(Unknown Source)
	at org.testng.TestRunner.privateRun(TestRunner.java:770)
	at org.testng.TestRunner.run(TestRunner.java:591)
	at org.testng.SuiteRunner.runTest(SuiteRunner.java:402)
	at org.testng.SuiteRunner.runSequentially(SuiteRunner.java:396)
	at org.testng.SuiteRunner.privateRun(SuiteRunner.java:355)
	at org.testng.SuiteRunner.run(SuiteRunner.java:304)
	at org.testng.SuiteRunnerWorker.runSuite(SuiteRunnerWorker.java:53)
	at org.testng.SuiteRunnerWorker.run(SuiteRunnerWorker.java:96)
	at org.testng.TestNG.runSuitesSequentially(TestNG.java:1180)
	at org.testng.TestNG.runSuitesLocally(TestNG.java:1102)
	at org.testng.TestNG.runSuites(TestNG.java:1032)
	at org.testng.TestNG.run(TestNG.java:1000)
	at org.testng.remote.AbstractRemoteTestNG.run(AbstractRemoteTestNG.java:115)
	at org.testng.remote.RemoteTestNG.initAndRun(RemoteTestNG.java:251)
	at org.testng.remote.RemoteTestNG.main(RemoteTestNG.java:77)
</pre></div></td>
<td>0</td>
<td>com.test.GoogleAssert@530612ba</td></tr>
</table><p>
<table width='100%' border='1' class='invocation-passed'>
<tr><td colspan='4' align='center'><b>PASSED TESTS</b></td></tr>
<tr><td><b>Test method</b></td>
<td width="30%"><b>Exception</b></td>
<td width="10%"><b>Time (seconds)</b></td>
<td><b>Instance</b></td>
</tr>
<tr>
<td title='com.test.GoogleTitle.googleLogoTest()'><b>googleLogoTest</b><br>Test class: com.test.GoogleTitle</td>
<td></td>
<td>0</td>
<td>com.test.GoogleTitle@2a40cd94</td></tr>
<tr>
<td title='com.test.GoogleTitle.googleTitleTest()'><b>googleTitleTest</b><br>Test class: com.test.GoogleTitle</td>
<td></td>
<td>0</td>
<td>com.test.GoogleTitle@2a40cd94</td></tr>
<tr>
<td title='com.test.TestNGFeatures.homePageTest()'><b>homePageTest</b><br>Test class: com.test.TestNGFeatures</td>
<td></td>
<td>0</td>
<td>com.test.TestNGFeatures@3bd94634</td></tr>
<tr>
<td title='com.test.TestNGFeatures.loginTest()'><b>loginTest</b><br>Test class: com.test.TestNGFeatures</td>
<td></td>
<td>0</td>
<td>com.test.TestNGFeatures@3bd94634</td></tr>
<tr>
<td title='com.test.GoogleAssert.mailLinkTest()'><b>mailLinkTest</b><br>Test class: com.test.GoogleAssert</td>
<td></td>
<td>0</td>
<td>com.test.GoogleAssert@530612ba</td></tr>
<tr>
<td title='com.test.GoogleTitle.mailLinkTest()'><b>mailLinkTest</b><br>Test class: com.test.GoogleTitle</td>
<td></td>
<td>0</td>
<td>com.test.GoogleTitle@2a40cd94</td></tr>
<tr>
<td title='com.test.TestNGFeatures.regPageTest()'><b>regPageTest</b><br>Test class: com.test.TestNGFeatures</td>
<td></td>
<td>0</td>
<td>com.test.TestNGFeatures@3bd94634</td></tr>
<tr>
<td title='com.test.TestNGFeatures.searchPageTest()'><b>searchPageTest</b><br>Test class: com.test.TestNGFeatures</td>
<td></td>
<td>0</td>
<td>com.test.TestNGFeatures@3bd94634</td></tr>
<tr>
<td title='com.test.InvocationCount.sum()'><b>sum</b><br>Test class: com.test.InvocationCount</td>
<td></td>
<td>0</td>
<td>com.test.InvocationCount@f4168b8</td></tr>
<tr>
<td title='com.test.InvocationCount.sum()'><b>sum</b><br>Test class: com.test.InvocationCount</td>
<td></td>
<td>0</td>
<td>com.test.InvocationCount@f4168b8</td></tr>
<tr>
<td title='com.test.InvocationCount.sum()'><b>sum</b><br>Test class: com.test.InvocationCount</td>
<td></td>
<td>0</td>
<td>com.test.InvocationCount@f4168b8</td></tr>
<tr>
<td title='com.test.InvocationCount.sum()'><b>sum</b><br>Test class: com.test.InvocationCount</td>
<td></td>
<td>0</td>
<td>com.test.InvocationCount@f4168b8</td></tr>
<tr>
<td title='com.test.InvocationCount.sum()'><b>sum</b><br>Test class: com.test.InvocationCount</td>
<td></td>
<td>0</td>
<td>com.test.InvocationCount@f4168b8</td></tr>
<tr>
<td title='com.test.InvocationCount.sum()'><b>sum</b><br>Test class: com.test.InvocationCount</td>
<td></td>
<td>0</td>
<td>com.test.InvocationCount@f4168b8</td></tr>
<tr>
<td title='com.test.InvocationCount.sum()'><b>sum</b><br>Test class: com.test.InvocationCount</td>
<td></td>
<td>0</td>
<td>com.test.InvocationCount@f4168b8</td></tr>
<tr>
<td title='com.test.InvocationCount.sum()'><b>sum</b><br>Test class: com.test.InvocationCount</td>
<td></td>
<td>0</td>
<td>com.test.InvocationCount@f4168b8</td></tr>
<tr>
<td title='com.test.InvocationCount.sum()'><b>sum</b><br>Test class: com.test.InvocationCount</td>
<td></td>
<td>0</td>
<td>com.test.InvocationCount@f4168b8</td></tr>
<tr>
<td title='com.test.InvocationCount.sum()'><b>sum</b><br>Test class: com.test.InvocationCount</td>
<td></td>
<td>0</td>
<td>com.test.InvocationCount@f4168b8</td></tr>
<tr>
<td title='com.test.ExceptionTimeOutTest.test1()'><b>test1</b><br>Test class: com.test.ExceptionTimeOutTest</td>
<td><div><pre>java.lang.NumberFormatException: For input string: &quot;100A&quot;
	at java.lang.NumberFormatException.forInputString(Unknown Source)
	at java.lang.Integer.parseInt(Unknown Source)
	at java.lang.Integer.parseInt(Unknown Source)
	at com.test.ExceptionTimeOutTest.test1(ExceptionTimeOutTest.java:20)
	at java.util.ArrayList.forEach(Unknown Source)
... Removed 27 stack frames</pre></div><a href='#' onClick='toggleBox("stack-trace112466394", this, "Click to show all stack frames", "Click to hide stack frames")'>Click to show all stack frames</a>
<div class='stack-trace' id='stack-trace112466394'><pre>java.lang.NumberFormatException: For input string: &quot;100A&quot;
	at java.lang.NumberFormatException.forInputString(Unknown Source)
	at java.lang.Integer.parseInt(Unknown Source)
	at java.lang.Integer.parseInt(Unknown Source)
	at com.test.ExceptionTimeOutTest.test1(ExceptionTimeOutTest.java:20)
	at sun.reflect.NativeMethodAccessorImpl.invoke0(Native Method)
	at sun.reflect.NativeMethodAccessorImpl.invoke(Unknown Source)
	at sun.reflect.DelegatingMethodAccessorImpl.invoke(Unknown Source)
	at java.lang.reflect.Method.invoke(Unknown Source)
	at org.testng.internal.MethodInvocationHelper.invokeMethod(MethodInvocationHelper.java:133)
	at org.testng.internal.TestInvoker.invokeMethod(TestInvoker.java:584)
	at org.testng.internal.TestInvoker.invokeTestMethod(TestInvoker.java:172)
	at org.testng.internal.MethodRunner.runInSequence(MethodRunner.java:46)
	at org.testng.internal.TestInvoker$MethodInvocationAgent.invoke(TestInvoker.java:804)
	at org.testng.internal.TestInvoker.invokeTestMethods(TestInvoker.java:145)
	at org.testng.internal.TestMethodWorker.invokeTestMethods(TestMethodWorker.java:146)
	at org.testng.internal.TestMethodWorker.run(TestMethodWorker.java:128)
	at java.util.ArrayList.forEach(Unknown Source)
	at org.testng.TestRunner.privateRun(TestRunner.java:770)
	at org.testng.TestRunner.run(TestRunner.java:591)
	at org.testng.SuiteRunner.runTest(SuiteRunner.java:402)
	at org.testng.SuiteRunner.runSequentially(SuiteRunner.java:396)
	at org.testng.SuiteRunner.privateRun(SuiteRunner.java:355)
	at org.testng.SuiteRunner.run(SuiteRunner.java:304)
	at org.testng.SuiteRunnerWorker.runSuite(SuiteRunnerWorker.java:53)
	at org.testng.SuiteRunnerWorker.run(SuiteRunnerWorker.java:96)
	at org.testng.TestNG.runSuitesSequentially(TestNG.java:1180)
	at org.testng.TestNG.runSuitesLocally(TestNG.java:1102)
	at org.testng.TestNG.runSuites(TestNG.java:1032)
	at org.testng.TestNG.run(TestNG.java:1000)
	at org.testng.remote.AbstractRemoteTestNG.run(AbstractRemoteTestNG.java:115)
	at org.testng.remote.RemoteTestNG.initAndRun(RemoteTestNG.java:251)
	at org.testng.remote.RemoteTestNG.main(RemoteTestNG.java:77)
</pre></div></td>
<td>0</td>
<td>com.test.ExceptionTimeOutTest@2df32bf7</td></tr>
<tr>
<td title='com.test.GoogleTitle.test1()'><b>test1</b><br>Test class: com.test.GoogleTitle</td>
<td></td>
<td>0</td>
<td>com.test.GoogleTitle@2a40cd94</td></tr>
<tr>
<td title='com.test.GoogleTitle.test2()'><b>test2</b><br>Test class: com.test.GoogleTitle</td>
<td></td>
<td>0</td>
<td>com.test.GoogleTitle@2a40cd94</td></tr>
<tr>
<td title='com.test.GoogleTitle.test3()'><b>test3</b><br>Test class: com.test.GoogleTitle</td>
<td></td>
<td>0</td>
<td>com.test.GoogleTitle@2a40cd94</td></tr>
</table><p>
</body>
</html>