<?xml version="1.0" encoding="UTF-8"?>
<!-- Generated by org.testng.reporters.JUnitXMLReporter -->
<testsuite hostname="DESKTOP-V3MT9JO" ignored="0" name="Different TestNG Features Test" tests="23" failures="1" timestamp="2019-09-08T01:29:14 IST" time="143.799" errors="0">
  <testcase name="test1" time="0.013" classname="com.test.ExceptionTimeOutTest"/>
  <testcase name="googleTitleTest" time="0.024" classname="com.test.GoogleAssert">
    <failure type="java.lang.AssertionError" message="title is not matched expected [Google123] but found [Google]">
      <![CDATA[java.lang.AssertionError: title is not matched expected [Google123] but found [Google]
at com.test.GoogleAssert.googleTitleTest(GoogleAssert.java:28)
at java.util.ArrayList.forEach(Unknown Source)
... Removed 31 stack frames]]>
    </failure>
  </testcase> <!-- googleTitleTest -->
  <testcase name="mailLinkTest" time="0.103" classname="com.test.GoogleAssert"/>
  <testcase name="googleTitleTest" time="0.012" classname="com.test.GoogleTitle"/>
  <testcase name="googleLogoTest" time="0.056" classname="com.test.GoogleTitle"/>
  <testcase name="mailLinkTest" time="0.07" classname="com.test.GoogleTitle"/>
  <testcase name="test1" time="0.002" classname="com.test.GoogleTitle"/>
  <testcase name="test2" time="0.002" classname="com.test.GoogleTitle"/>
  <testcase name="test3" time="0.004" classname="com.test.GoogleTitle"/>
  <testcase name="sum" time="0.002" classname="com.test.InvocationCount"/>
  <testcase name="sum" time="0.003" classname="com.test.InvocationCount"/>
  <testcase name="sum" time="0.004" classname="com.test.InvocationCount"/>
  <testcase name="sum" time="0.002" classname="com.test.InvocationCount"/>
  <testcase name="sum" time="0.001" classname="com.test.InvocationCount"/>
  <testcase name="sum" time="0.002" classname="com.test.InvocationCount"/>
  <testcase name="sum" time="0.002" classname="com.test.InvocationCount"/>
  <testcase name="sum" time="0.002" classname="com.test.InvocationCount"/>
  <testcase name="sum" time="0.001" classname="com.test.InvocationCount"/>
  <testcase name="sum" time="0.002" classname="com.test.InvocationCount"/>
  <testcase name="loginTest" time="0.001" classname="com.test.TestNGFeatures"/>
  <testcase name="homePageTest" time="0.003" classname="com.test.TestNGFeatures"/>
  <testcase name="regPageTest" time="0.003" classname="com.test.TestNGFeatures"/>
  <testcase name="searchPageTest" time="0.002" classname="com.test.TestNGFeatures"/>
</testsuite> <!-- Different TestNG Features Test -->
